# JRE version: Java(TM) SE Runtime Environment (8.0_191-b12) (build 1.8.0_191-b12)
# Java VM: Java HotSpot(TM) 64-Bit Server VM (25.191-b12 mixed mode windows-amd64 compressed oops)
Heap:
 PSYoungGen      total 433664K, used 183093K [0x00000000d5f00000, 0x00000000fe580000, 0x0000000100000000)
  eden space 415232K, 39% used [0x00000000d5f00000,0x00000000dffd4108,0x00000000ef480000)
  from space 18432K, 99% used [0x00000000ef480000,0x00000000f0679638,0x00000000f0680000)
  to   space 24576K, 0% used [0x00000000fcd80000,0x00000000fcd80000,0x00000000fe580000)
 ParOldGen       total 87552K, used 38190K [0x0000000081c00000, 0x0000000087180000, 0x00000000d5f00000)
  object space 87552K, 43% used [0x0000000081c00000,0x000000008414b8d0,0x0000000087180000)
 Metaspace       used 45965K, capacity 46704K, committed 46936K, reserved 1089536K
  class space    used 6049K, capacity 6235K, committed 6272K, reserved 1048576K
GC Heap History (10 events):
Event: 22.049 GC heap before
{Heap before GC invocations=11 (full 1):
 PSYoungGen      total 209408K, used 209378K [0x00000000d5f00000, 0x00000000e9480000, 0x0000000100000000)
  eden space 197120K, 100% used [0x00000000d5f00000,0x00000000e1f80000,0x00000000e1f80000)
  from space 12288K, 99% used [0x00000000e1f80000,0x00000000e2b78858,0x00000000e2b80000)
  to   space 16384K, 0% used [0x00000000e8480000,0x00000000e8480000,0x00000000e9480000)
 ParOldGen       total 60416K, used 18008K [0x0000000081c00000, 0x0000000085700000, 0x00000000d5f00000)
  object space 60416K, 29% used [0x0000000081c00000,0x0000000082d96240,0x0000000085700000)
 Metaspace       used 33677K, capacity 34184K, committed 34560K, reserved 1079296K
  class space    used 4384K, capacity 4513K, committed 4608K, reserved 1048576K
Event: 22.086 GC heap after
Heap after GC invocations=11 (full 1):
 PSYoungGen      total 292864K, used 13703K [0x00000000d5f00000, 0x00000000e9200000, 0x0000000100000000)
  eden space 279040K, 0% used [0x00000000d5f00000,0x00000000d5f00000,0x00000000e6f80000)
  from space 13824K, 99% used [0x00000000e8480000,0x00000000e91e1d10,0x00000000e9200000)
  to   space 17408K, 0% used [0x00000000e7000000,0x00000000e7000000,0x00000000e8100000)
 ParOldGen       total 60416K, used 23146K [0x0000000081c00000, 0x0000000085700000, 0x00000000d5f00000)
  object space 60416K, 38% used [0x0000000081c00000,0x000000008329a910,0x0000000085700000)
 Metaspace       used 33677K, capacity 34184K, committed 34560K, reserved 1079296K
  class space    used 4384K, capacity 4513K, committed 4608K, reserved 1048576K
}
Event: 24.294 GC heap before
{Heap before GC invocations=12 (full 1):
 PSYoungGen      total 292864K, used 201649K [0x00000000d5f00000, 0x00000000e9200000, 0x0000000100000000)
  eden space 279040K, 67% used [0x00000000d5f00000,0x00000000e168a780,0x00000000e6f80000)
  from space 13824K, 99% used [0x00000000e8480000,0x00000000e91e1d10,0x00000000e9200000)
  to   space 17408K, 0% used [0x00000000e7000000,0x00000000e7000000,0x00000000e8100000)
 ParOldGen       total 60416K, used 23146K [0x0000000081c00000, 0x0000000085700000, 0x00000000d5f00000)
  object space 60416K, 38% used [0x0000000081c00000,0x000000008329a910,0x0000000085700000)
 Metaspace       used 34725K, capacity 35214K, committed 35416K, reserved 1079296K
  class space    used 4532K, capacity 4642K, committed 4736K, reserved 1048576K
Event: 24.729 GC heap after
Heap after GC invocations=12 (full 1):
 PSYoungGen      total 296960K, used 7528K [0x00000000d5f00000, 0x00000000f1a80000, 0x0000000100000000)
  eden space 279552K, 0% used [0x00000000d5f00000,0x00000000d5f00000,0x00000000e7000000)
  from space 17408K, 43% used [0x00000000e7000000,0x00000000e775a2d8,0x00000000e8100000)
  to   space 16896K, 0% used [0x00000000f0a00000,0x00000000f0a00000,0x00000000f1a80000)
 ParOldGen       total 60416K, used 29103K [0x0000000081c00000, 0x0000000085700000, 0x00000000d5f00000)
  object space 60416K, 48% used [0x0000000081c00000,0x000000008386bc48,0x0000000085700000)
 Metaspace       used 34725K, capacity 35214K, committed 35416K, reserved 1079296K
  class space    used 4532K, capacity 4642K, committed 4736K, reserved 1048576K
}
Event: 24.729 GC heap before
{Heap before GC invocations=13 (full 2):
 PSYoungGen      total 296960K, used 7528K [0x00000000d5f00000, 0x00000000f1a80000, 0x0000000100000000)
  eden space 279552K, 0% used [0x00000000d5f00000,0x00000000d5f00000,0x00000000e7000000)
  from space 17408K, 43% used [0x00000000e7000000,0x00000000e775a2d8,0x00000000e8100000)
  to   space 16896K, 0% used [0x00000000f0a00000,0x00000000f0a00000,0x00000000f1a80000)
 ParOldGen       total 60416K, used 29103K [0x0000000081c00000, 0x0000000085700000, 0x00000000d5f00000)
  object space 60416K, 48% used [0x0000000081c00000,0x000000008386bc48,0x0000000085700000)
 Metaspace       used 34725K, capacity 35214K, committed 35416K, reserved 1079296K
  class space    used 4532K, capacity 4642K, committed 4736K, reserved 1048576K
Event: 25.020 GC heap after
Heap after GC invocations=13 (full 2):
 PSYoungGen      total 296960K, used 0K [0x00000000d5f00000, 0x00000000f1a80000, 0x0000000100000000)
  eden space 279552K, 0% used [0x00000000d5f00000,0x00000000d5f00000,0x00000000e7000000)
  from space 17408K, 0% used [0x00000000e7000000,0x00000000e7000000,0x00000000e8100000)
  to   space 16896K, 0% used [0x00000000f0a00000,0x00000000f0a00000,0x00000000f1a80000)
 ParOldGen       total 87552K, used 28048K [0x0000000081c00000, 0x0000000087180000, 0x00000000d5f00000)
  object space 87552K, 32% used [0x0000000081c00000,0x0000000083764150,0x0000000087180000)
 Metaspace       used 34725K, capacity 35214K, committed 35416K, reserved 1079296K
  class space    used 4532K, capacity 4642K, committed 4736K, reserved 1048576K
}
Event: 27.135 GC heap before
{Heap before GC invocations=14 (full 2):
 PSYoungGen      total 296960K, used 279552K [0x00000000d5f00000, 0x00000000f1a80000, 0x0000000100000000)
  eden space 279552K, 100% used [0x00000000d5f00000,0x00000000e7000000,0x00000000e7000000)
  from space 17408K, 0% used [0x00000000e7000000,0x00000000e7000000,0x00000000e8100000)
  to   space 16896K, 0% used [0x00000000f0a00000,0x00000000f0a00000,0x00000000f1a80000)
 ParOldGen       total 87552K, used 28048K [0x0000000081c00000, 0x0000000087180000, 0x00000000d5f00000)
  object space 87552K, 32% used [0x0000000081c00000,0x0000000083764150,0x0000000087180000)
 Metaspace       used 36242K, capacity 36736K, committed 37208K, reserved 1081344K
  class space    used 4740K, capacity 4869K, committed 4992K, reserved 1048576K
Event: 27.158 GC heap after
Heap after GC invocations=14 (full 2):
 PSYoungGen      total 425984K, used 14551K [0x00000000d5f00000, 0x00000000f1880000, 0x0000000100000000)
  eden space 411136K, 0% used [0x00000000d5f00000,0x00000000d5f00000,0x00000000ef080000)
  from space 14848K, 98% used [0x00000000f0a00000,0x00000000f1835dd8,0x00000000f1880000)
  to   space 18432K, 0% used [0x00000000ef480000,0x00000000ef480000,0x00000000f0680000)
 ParOldGen       total 87552K, used 28056K [0x0000000081c00000, 0x0000000087180000, 0x00000000d5f00000)
  object space 87552K, 32% used [0x0000000081c00000,0x0000000083766150,0x0000000087180000)
 Metaspace       used 36242K, capacity 36736K, committed 37208K, reserved 1081344K
  class space    used 4740K, capacity 4869K, committed 4992K, reserved 1048576K
}
Event: 35.486 GC heap before
{Heap before GC invocations=15 (full 2):
 PSYoungGen      total 425984K, used 425687K [0x00000000d5f00000, 0x00000000f1880000, 0x0000000100000000)
  eden space 411136K, 100% used [0x00000000d5f00000,0x00000000ef080000,0x00000000ef080000)
  from space 14848K, 98% used [0x00000000f0a00000,0x00000000f1835dd8,0x00000000f1880000)
  to   space 18432K, 0% used [0x00000000ef480000,0x00000000ef480000,0x00000000f0680000)
 ParOldGen       total 87552K, used 28056K [0x0000000081c00000, 0x0000000087180000, 0x00000000d5f00000)
  object space 87552K, 32% used [0x0000000081c00000,0x0000000083766150,0x0000000087180000)
 Metaspace       used 40635K, capacity 41354K, committed 41560K, reserved 1085440K
  class space    used 5283K, capacity 5476K, committed 5504K, reserved 1048576K
Event: 36.358 GC heap after
Heap after GC invocations=15 (full 2):
 PSYoungGen      total 433664K, used 18405K [0x00000000d5f00000, 0x00000000fe580000, 0x0000000100000000)
  eden space 415232K, 0% used [0x00000000d5f00000,0x00000000d5f00000,0x00000000ef480000)
  from space 18432K, 99% used [0x00000000ef480000,0x00000000f0679638,0x00000000f0680000)
  to   space 24576K, 0% used [0x00000000fcd80000,0x00000000fcd80000,0x00000000fe580000)
 ParOldGen       total 87552K, used 38190K [0x0000000081c00000, 0x0000000087180000, 0x00000000d5f00000)
  object space 87552K, 43% used [0x0000000081c00000,0x000000008414b8d0,0x0000000087180000)
 Metaspace       used 40635K, capacity 41354K, committed 41560K, reserved 1085440K
  class space    used 5283K, capacity 5476K, committed 5504K, reserved 1048576K
}

